2023-03-12 01:09:14 INFO  TransferRepository:23 - Запрос на новую операцию:  | Карта списания: 1231231231231313 | Карта зачисления: 1231421341324213 | Сумма: 123331200 | Комиссия: 1233312
2023-03-12 01:09:14 INFO  TransferRepository:46 - Операцмя:  | Карта списания: 1231231231231313 | Карта зачисления: 1231421341324213 | Сумма: 123331200 | Комиссия: 1233312сохранена под id: 0. Ожидаается подтвержение.........
2023-03-12 01:09:14 INFO  TransferRepository:32 - Пришел запрос на подтверждение: OperationСonfirmation{operationId='0', code='0000'}
2023-03-12 01:09:14 INFO  TransferRepository:60 - Операция с id: 0 подтверждена. Перевод выполнен успешно
2023-03-12 01:09:38 INFO  TransferRepository:23 - Запрос на новую операцию:  | Карта списания: 2345135234214123 | Карта зачисления: 1242134123432141 | Сумма: 1000000 | Комиссия: 10000
2023-03-12 01:09:38 INFO  TransferRepository:46 - Операцмя:  | Карта списания: 2345135234214123 | Карта зачисления: 1242134123432141 | Сумма: 1000000 | Комиссия: 10000сохранена под id: 1. Ожидаается подтвержение.........
2023-03-12 01:09:38 INFO  TransferRepository:32 - Пришел запрос на подтверждение: OperationСonfirmation{operationId='1', code='0000'}
2023-03-12 01:09:38 INFO  TransferRepository:60 - Операция с id: 1 подтверждена. Перевод выполнен успешно
2023-03-12 01:11:03 INFO  TransferRepository:23 - Запрос на новую операцию:  | Карта списания: 1241242342134122 | Карта зачисления: 1242134312412341 | Сумма: 100000 | Комиссия: 1000
2023-03-12 01:11:03 INFO  TransferService:46 - Операцмя:  | Карта списания: 1241242342134122 | Карта зачисления: 1242134312412341 | Сумма: 100000 | Комиссия: 1000сохранена под id: 0. Ожидаается подтвержение.........
2023-03-12 01:11:03 INFO  TransferRepository:32 - Пришел запрос на подтверждение: OperationСonfirmation{operationId='0', code='0000'}
2023-03-12 01:11:03 INFO  TransferService:60 - Операция с id: 0 подтверждена. Перевод выполнен успешно
2023-03-12 23:02:09 INFO  TransferService:46 - Операцмя:  | Карта списания: 1234123412341234 | Карта зачисления: 4321432143214321 | Сумма: 1000 | Комиссия: 10сохранена под id: 0. Ожидаается подтвержение.........
2023-03-12 23:03:44 INFO  TransferService:46 - Операцмя:  | Карта списания: 1234123412341234 | Карта зачисления: 4321432143214321 | Сумма: 1000 | Комиссия: 10сохранена под id: 0. Ожидаается подтвержение.........
2023-03-12 23:04:31 INFO  TransferService:46 - Операцмя:  | Карта списания: 1234123412341234 | Карта зачисления: 4321432143214321 | Сумма: 1000 | Комиссия: 10сохранена под id: 0. Ожидаается подтвержение.........
2023-03-12 23:05:06 INFO  TransferService:46 - Операцмя:  | Карта списания: 1234123412341234 | Карта зачисления: 4321432143214321 | Сумма: 1000 | Комиссия: 10сохранена под id: 0. Ожидаается подтвержение.........
2023-03-12 23:05:33 INFO  TransferService:46 - Операцмя:  | Карта списания: 1234123412341234 | Карта зачисления: 4321432143214321 | Сумма: 1000 | Комиссия: 10сохранена под id: 0. Ожидаается подтвержение.........
2023-03-12 23:07:19 INFO  TransferService:46 - Операцмя:  | Карта списания: 1234123412341234 | Карта зачисления: 4321432143214321 | Сумма: 1000 | Комиссия: 10сохранена под id: 0. Ожидаается подтвержение.........
2023-03-12 23:07:31 INFO  TransferService:46 - Операцмя:  | Карта списания: 1234123412341234 | Карта зачисления: 4321432143214321 | Сумма: 1000 | Комиссия: 10сохранена под id: 1. Ожидаается подтвержение.........
2023-03-12 23:11:10 INFO  TransferService:60 - Операция с id: 1 подтверждена. Перевод выполнен успешно
2023-03-12 23:11:21 INFO  TransferService:60 - Операция с id: 1 подтверждена. Перевод выполнен успешно
2023-03-12 23:11:32 INFO  TransferService:60 - Операция с id: 10 подтверждена. Перевод выполнен успешно
2023-03-12 23:11:42 ERROR TransferService:57 - Неправльный код подтвержедния операции
2023-03-12 23:11:58 INFO  TransferService:60 - Операция с id: 10 подтверждена. Перевод выполнен успешно
2023-03-12 23:22:20 ERROR TransferService:57 - Неправльный код подтвержедния операции
2023-03-12 23:22:47 ERROR TransferService:57 - Неправльный код подтвержедния операции
2023-03-12 23:23:00 ERROR TransferService:57 - Неправльный код подтвержедния операции
2023-03-12 23:25:03 ERROR TransferService:57 - Неправльный код подтвержедния операции
2023-03-12 23:25:28 ERROR TransferService:57 - Неправльный код подтвержедния операции
2023-03-12 23:25:36 INFO  TransferService:60 - Операция с id: 10 подтверждена. Перевод выполнен успешно
2023-03-12 23:25:36 ERROR TransferService:57 - Неправльный код подтвержедния операции
2023-03-12 23:25:36 INFO  TransferService:46 - Операцмя:  | Карта списания: 1234123412341234 | Карта зачисления: 4321432143214321 | Сумма: 1000 | Комиссия: 10сохранена под id: 1. Ожидаается подтвержение.........
2023-03-12 23:25:54 ERROR TransferService:57 - Неправльный код подтвержедния операции
2023-03-12 23:26:08 ERROR TransferService:57 - Неправльный код подтвержедния операции
2023-03-12 23:26:25 ERROR TransferService:57 - Неправльный код подтвержедния операции
2023-03-12 23:33:56 INFO  TransferService:60 - Операция с id: 10 подтверждена. Перевод выполнен успешно
2023-03-12 23:33:56 ERROR TransferService:57 - Неправльный код подтвержедния операции
2023-03-12 23:33:56 INFO  TransferService:46 - Операцмя:  | Карта списания: 1234123412341234 | Карта зачисления: 4321432143214321 | Сумма: 1000 | Комиссия: 10сохранена под id: 1. Ожидаается подтвержение.........
2023-03-14 23:02:17 INFO  TransferRepository:23 - Запрос на новую операцию:  | Карта списания: 1231231231321312 | Карта зачисления: 1231312312312321 | Сумма: 12313200 | Комиссия: 123132
2023-03-14 23:02:17 INFO  TransferService:40 - Операцмя:  | Карта списания: 1231231231321312 | Карта зачисления: 1231312312312321 | Сумма: 12313200 | Комиссия: 123132сохранена под id: 0. Ожидаается подтвержение.........
2023-03-14 23:02:17 INFO  TransferRepository:32 - Пришел запрос на подтверждение: OperationСonfirmation{operationId='0', code='0000'}
2023-03-14 23:02:17 INFO  TransferService:54 - Операция с id: 0 подтверждена. Перевод выполнен успешно
2023-03-14 23:35:51 INFO  TransferRepository:23 - Запрос на новую операцию:  | Карта списания: 1232132132132132 | Карта зачисления: 2313213213213213 | Сумма: 51656500 | Комиссия: 516565
2023-03-14 23:35:51 INFO  TransferService:40 - Операцмя:  | Карта списания: 1232132132132132 | Карта зачисления: 2313213213213213 | Сумма: 51656500 | Комиссия: 516565сохранена под id: 0. Ожидаается подтвержение.........
2023-03-14 23:35:51 INFO  TransferRepository:32 - Пришел запрос на подтверждение: OperationСonfirmation{operationId='0', code='0000'}
2023-03-14 23:35:51 INFO  TransferService:54 - Операция с id: 0 подтверждена. Перевод выполнен успешно
2023-03-14 23:41:33 INFO  TransferRepository:23 - Запрос на новую операцию:  | Карта списания: 1321321321321321 | Карта зачисления: 1243124324123423 | Сумма: 12312300 | Комиссия: 123123
2023-03-14 23:41:33 INFO  TransferService:40 - Операцмя:  | Карта списания: 1321321321321321 | Карта зачисления: 1243124324123423 | Сумма: 12312300 | Комиссия: 123123сохранена под id: 0. Ожидаается подтвержение.........
2023-03-14 23:41:33 INFO  TransferRepository:32 - Пришел запрос на подтверждение: OperationСonfirmation{operationId='0', code='0000'}
2023-03-14 23:41:33 INFO  TransferService:54 - Операция с id: 0 подтверждена. Перевод выполнен успешно
2023-03-14 23:50:24 INFO  TransferRepository:23 - Запрос на новую операцию:  | Карта списания: 1234123412341234 | Карта зачисления: 1234123412341234 | Сумма: 12 | Комиссия: 0
2023-03-14 23:50:24 INFO  TransferService:40 - Операцмя:  | Карта списания: 1234123412341234 | Карта зачисления: 1234123412341234 | Сумма: 12 | Комиссия: 0сохранена под id: 0. Ожидаается подтвержение.........
2023-03-14 23:50:32 INFO  TransferRepository:23 - Запрос на новую операцию:  | Карта списания: 1234123412341234 | Карта зачисления: 1234123412341234 | Сумма: 12 | Комиссия: 0
2023-03-14 23:50:32 ERROR TransferService:33 - Указана неверная дата карты списания
2023-03-15 00:41:01 INFO  TransferRepositoryImpl:19 - Объект  | Карта списания: 2321321321321321 | Карта зачисления: 3213213213213213 | Сумма: 12312300 | Комиссия: 123123 сохранен в репозиторий под id: 0
2023-03-15 00:41:01 INFO  TransferServiceImpl:23 - Операцмя:  | Карта списания: 2321321321321321 | Карта зачисления: 3213213213213213 | Сумма: 12312300 | Комиссия: 123123сохранена под id: 0. Ожидаается подтвержение.........
2023-03-15 00:41:01 INFO  ServiceValidation:40 - Пришел запрос на подтверждение: OperationСonfirmation{operationId='0', code='0000'}
2023-03-15 00:41:01 INFO  TransferServiceImpl:31 - Операция с id: 0 подтверждена. Перевод выполнен успешно
2023-03-15 00:45:00 INFO  TransferRepositoryImpl:19 - Объект  | Карта списания: 2313213213213213 | Карта зачисления: 2313213213213213 | Сумма: 2132100 | Комиссия: 21321 сохранен в репозиторий под id: 0
2023-03-15 00:45:00 INFO  TransferServiceImpl:23 - Операцмя:  | Карта списания: 2313213213213213 | Карта зачисления: 2313213213213213 | Сумма: 2132100 | Комиссия: 21321сохранена под id: 0. Ожидаается подтвержение.........
2023-03-15 00:45:00 INFO  TransferServiceImpl:33 - Операция с id: 0 подтверждена. Перевод выполнен успешно
2023-03-15 23:28:14 INFO  TransferRepositoryImpl:19 - Объект  | Карта списания: 3213213213213213 | Карта зачисления: 2313165468546546 | Сумма: 2131200 | Комиссия: 21312 сохранен в репозиторий под id: 0
2023-03-15 23:28:14 INFO  TransferServiceImpl:21 - Операция:  | Карта списания: 3213213213213213 | Карта зачисления: 2313165468546546 | Сумма: 2131200 | Комиссия: 21312сохранена под id: 0. Ожидаается подтверждение.........
2023-03-15 23:28:14 INFO  TransferServiceImpl:27 - Операция с id: 0 подтверждена. Перевод выполнен успешно
2023-03-15 23:28:51 INFO  TransferServiceImpl:27 - Операция с id: 10 подтверждена. Перевод выполнен успешно
2023-03-15 23:28:51 ERROR ServiceValidation:50 - Неправльный код подтвержедния операции
2023-03-15 23:28:51 INFO  TransferServiceImpl:21 - Операция:  | Карта списания: 1234123412341234 | Карта зачисления: 4321432143214321 | Сумма: 1000 | Комиссия: 10сохранена под id: 1. Ожидаается подтверждение.........
2023-03-15 23:33:02 INFO  TransferServiceImpl:27 - Операция с id: 10 подтверждена. Перевод выполнен успешно
2023-03-15 23:33:02 ERROR ServiceValidation:50 - Неправльный код подтвержедния операции
2023-03-15 23:33:02 INFO  TransferServiceImpl:21 - Операция:  | Карта списания: 1234123412341234 | Карта зачисления: 4321432143214321 | Сумма: 1000 | Комиссия: 10сохранена под id: 1. Ожидаается подтверждение.........
2023-03-17 23:40:55 INFO  TransferServiceImpl:21 - Операция: Operation[cardFromNumber=1234123412341234, cardFromValidTill=12/24, cardFromCVV=234, cardToNumber=4321432143214321, amount=Amount[value=1000, currency=rub]] сохранена под id: 1
2023-03-17 23:41:32 INFO  TransferRepositoryImpl:20 - Объект Operation[cardFromNumber=1234123123123123, cardFromValidTill=12/31, cardFromCVV=123, cardToNumber=1231231231312313, amount=Amount[value=12321300, currency=RUR]] сохранен в репозиторий под id: 1
2023-03-17 23:41:32 INFO  TransferServiceImpl:21 - Операция: Operation[cardFromNumber=1234123123123123, cardFromValidTill=12/31, cardFromCVV=123, cardToNumber=1231231231312313, amount=Amount[value=12321300, currency=RUR]] сохранена под id: 1
2023-03-17 23:41:32 INFO  TransferServiceImpl:27 - Операция с id: 1 подтверждена. Перевод выполнен успешно
2023-03-18 00:18:12 ERROR ServiceValidation:14 - Ошибка операции: операция не определена
2023-03-18 00:18:12 ERROR ServiceValidation:14 - Ошибка операции: операция не определена
2023-03-18 00:18:13 ERROR ServiceValidation:14 - Ошибка операции: операция не определена
2023-03-18 00:20:35 ERROR ServiceValidation:14 - Ошибка операции: операция не определена
2023-03-18 00:20:35 ERROR ServiceValidation:14 - Ошибка операции: операция не определена
2023-03-18 00:20:35 ERROR ServiceValidation:14 - Ошибка операции: операция не определена
2023-03-18 00:20:48 ERROR ServiceValidation:14 - Ошибка операции: операция не определена
2023-03-18 00:20:48 ERROR ServiceValidation:14 - Ошибка операции: операция не определена
2023-03-18 00:20:48 ERROR ServiceValidation:14 - Ошибка операции: операция не определена
2023-03-18 00:28:04 ERROR ServiceValidation:14 - Ошибка операции: операция не определена
2023-03-18 00:28:04 ERROR ServiceValidation:14 - Ошибка операции: операция не определена
2023-03-18 00:28:04 ERROR ServiceValidation:14 - Ошибка операции: операция не определена
2023-03-18 00:28:08 ERROR ServiceValidation:18 - Карта списания не заполнена
2023-03-18 00:28:08 ERROR ServiceValidation:18 - Карта списания не заполнена
2023-03-18 00:28:08 ERROR ServiceValidation:18 - Карта списания не заполнена
2023-03-18 00:29:48 ERROR ServiceValidation:22 - Карта зачисления не заполнена
2023-03-18 00:29:48 ERROR ServiceValidation:22 - Карта зачисления не заполнена
2023-03-18 00:29:48 ERROR ServiceValidation:22 - Карта зачисления не заполнена
2023-03-18 00:31:35 ERROR ServiceValidation:26 - CVV не заполнен
2023-03-18 00:31:35 ERROR ServiceValidation:26 - CVV не заполнен
2023-03-18 00:31:35 ERROR ServiceValidation:26 - CVV не заполнен
2023-03-18 00:33:18 ERROR ServiceValidation:30 - Указана неверная дата карты списания
2023-03-18 00:33:18 ERROR ServiceValidation:30 - Указана неверная дата карты списания
2023-03-18 00:33:18 ERROR ServiceValidation:30 - Указана неверная дата карты списания
2023-03-18 00:34:55 ERROR ServiceValidation:34 - Не указана сумма списания
2023-03-18 00:34:55 ERROR ServiceValidation:34 - Не указана сумма списания
2023-03-18 00:34:55 ERROR ServiceValidation:34 - Не указана сумма списания
2023-03-18 00:41:22 INFO  ServiceValidation:41 - Ошибка подтверждения операции
2023-03-18 00:41:45 INFO  ServiceValidation:41 - Ошибка подтверждения операции
2023-03-18 00:42:10 INFO  ServiceValidation:41 - Ошибка подтверждения операции
2023-03-18 00:44:32 ERROR ServiceValidation:46 - Неправльный id операции
2023-03-18 00:44:32 ERROR ServiceValidation:46 - Неправльный id операции
2023-03-18 00:44:32 ERROR ServiceValidation:46 - Неправльный id операции
2023-03-18 00:44:54 ERROR ServiceValidation:46 - Неправльный id операции
2023-03-18 00:44:54 ERROR ServiceValidation:46 - Неправльный id операции
2023-03-18 00:44:54 ERROR ServiceValidation:46 - Неправльный id операции
2023-03-18 00:46:53 ERROR ServiceValidation:50 - Неправльный код подтвержедния операции
2023-03-18 00:46:53 ERROR ServiceValidation:50 - Неправльный код подтвержедния операции
2023-03-18 00:46:53 ERROR ServiceValidation:50 - Неправльный код подтвержедния операции
2023-03-18 01:04:21 INFO  TransferRepositoryImpl:19 - Объект Operation[cardFromNumber=1234123412341234, cardFromValidTill=1223, cardFromCVV=123, cardToNumber=null, amount=Amount[value=100, currency=rub]] сохранен в репозиторий под id: 1
2023-03-18 01:04:21 INFO  TransferRepositoryImpl:19 - Объект Operation[cardFromNumber=4234543253252342, cardFromValidTill=3242, cardFromCVV=143, cardToNumber=null, amount=Amount[value=1000, currency=dol]] сохранен в репозиторий под id: 1
2023-03-18 01:04:21 INFO  TransferRepositoryImpl:19 - Объект Operation[cardFromNumber=1235678679597655, cardFromValidTill=9765, cardFromCVV=564, cardToNumber=null, amount=Amount[value=10000, currency=rub]] сохранен в репозиторий под id: 1
2023-03-18 01:05:05 INFO  TransferRepositoryImpl:19 - Объект Operation[cardFromNumber=1234123412341234, cardFromValidTill=1223, cardFromCVV=123, cardToNumber=null, amount=Amount[value=100, currency=rub]] сохранен в репозиторий под id: 1
2023-03-18 01:05:05 INFO  TransferRepositoryImpl:19 - Объект Operation[cardFromNumber=4234543253252342, cardFromValidTill=3242, cardFromCVV=143, cardToNumber=null, amount=Amount[value=1000, currency=dol]] сохранен в репозиторий под id: 1
2023-03-18 01:05:05 INFO  TransferRepositoryImpl:19 - Объект Operation[cardFromNumber=1235678679597655, cardFromValidTill=9765, cardFromCVV=564, cardToNumber=null, amount=Amount[value=10000, currency=rub]] сохранен в репозиторий под id: 1
2023-03-18 01:05:46 INFO  TransferRepositoryImpl:19 - Объект Operation[cardFromNumber=1234123412341234, cardFromValidTill=1223, cardFromCVV=123, cardToNumber=null, amount=Amount[value=100, currency=rub]] сохранен в репозиторий под id: 0
2023-03-18 01:05:46 INFO  TransferRepositoryImpl:19 - Объект Operation[cardFromNumber=4234543253252342, cardFromValidTill=3242, cardFromCVV=143, cardToNumber=null, amount=Amount[value=1000, currency=dol]] сохранен в репозиторий под id: 0
2023-03-18 01:05:46 INFO  TransferRepositoryImpl:19 - Объект Operation[cardFromNumber=1235678679597655, cardFromValidTill=9765, cardFromCVV=564, cardToNumber=null, amount=Amount[value=10000, currency=rub]] сохранен в репозиторий под id: 0
2023-03-18 01:08:19 INFO  TransferRepositoryImpl:19 - Объект Operation[cardFromNumber=1234123412341234, cardFromValidTill=1223, cardFromCVV=123, cardToNumber=12312312312312312, amount=Amount[value=100, currency=rub]] сохранен в репозиторий под id: 0
2023-03-18 01:08:19 INFO  TransferRepositoryImpl:19 - Объект Operation[cardFromNumber=1234123412341234, cardFromValidTill=1223, cardFromCVV=123, cardToNumber=12312312312312312, amount=Amount[value=100, currency=rub]] сохранен в репозиторий под id: 1
2023-03-18 01:08:19 INFO  TransferRepositoryImpl:19 - Объект Operation[cardFromNumber=1234123412341234, cardFromValidTill=1223, cardFromCVV=123, cardToNumber=12312312312312312, amount=Amount[value=100, currency=rub]] сохранен в репозиторий под id: 2
2023-03-18 01:08:19 INFO  TransferRepositoryImpl:19 - Объект Operation[cardFromNumber=1234123412341234, cardFromValidTill=1223, cardFromCVV=123, cardToNumber=12312312312312312, amount=Amount[value=100, currency=rub]] сохранен в репозиторий под id: 0
2023-03-18 01:08:19 INFO  TransferRepositoryImpl:19 - Объект Operation[cardFromNumber=1234123412341234, cardFromValidTill=1223, cardFromCVV=123, cardToNumber=12312312312312312, amount=Amount[value=100, currency=rub]] сохранен в репозиторий под id: 1
2023-03-18 01:08:19 INFO  TransferRepositoryImpl:19 - Объект Operation[cardFromNumber=4234543253252342, cardFromValidTill=3242, cardFromCVV=143, cardToNumber=12312312312312312, amount=Amount[value=1000, currency=dol]] сохранен в репозиторий под id: 2
2023-03-18 01:08:19 INFO  TransferRepositoryImpl:19 - Объект Operation[cardFromNumber=1234123412341234, cardFromValidTill=1223, cardFromCVV=123, cardToNumber=12312312312312312, amount=Amount[value=100, currency=rub]] сохранен в репозиторий под id: 0
2023-03-18 01:08:19 INFO  TransferRepositoryImpl:19 - Объект Operation[cardFromNumber=1234123412341234, cardFromValidTill=1223, cardFromCVV=123, cardToNumber=12312312312312312, amount=Amount[value=100, currency=rub]] сохранен в репозиторий под id: 1
2023-03-18 01:08:19 INFO  TransferRepositoryImpl:19 - Объект Operation[cardFromNumber=1235678679597655, cardFromValidTill=9765, cardFromCVV=564, cardToNumber=12312312312312312, amount=Amount[value=10000, currency=rub]] сохранен в репозиторий под id: 2
2023-03-18 01:10:53 INFO  TransferServiceImpl:27 - Операция с id: 10 подтверждена. Перевод выполнен успешно
2023-03-18 01:11:17 INFO  TransferServiceImpl:27 - Операция с id: 10 подтверждена. Перевод выполнен успешно
2023-03-18 01:12:56 INFO  TransferServiceImpl:27 - Операция с id: 10 подтверждена. Перевод выполнен успешно
2023-03-18 01:12:56 ERROR ServiceValidation:50 - Неправльный код подтвержедния операции
2023-03-18 01:12:56 INFO  TransferServiceImpl:21 - Операция: Operation[cardFromNumber=1234123412341234, cardFromValidTill=12/24, cardFromCVV=234, cardToNumber=4321432143214321, amount=Amount[value=1000, currency=rub]] сохранена под id: 1
